[debug] > Exec(early(addDefaultCommands), None, None)
[debug] > Exec(addDefaultCommands, None, None)
[debug] > Exec(early(initialize), None, None)
[debug] > Exec(initialize, None, None)
[debug] > Exec(boot, None, None)
[debug] > Exec(writeSbtVersion, None, None)
[debug] > Exec(reload, None, None)
[debug] > Exec(sbtStashOnFailure, None, None)
[debug] > Exec(onFailure loadFailed, None, None)
[debug] > Exec(loadp, None, None)
[info] welcome to sbt 1.9.7 (Eclipse Adoptium Java 11.0.21)
[debug] Load.defaultLoad until apply took 182.068458ms
[debug]           Load.loadUnit: plugins took 104.124292ms
[debug]           Load.loadUnit: defsScala took 0.207625ms
[debug] [Loading] Scanning directory /Users/anesu.tsiko/Documents/Learning/finance-api/project
[debug]             Load.loadUnit: mkEval took 5.839875ms
[debug] [Loading] Found non-root projects 
[debug] [Loading] Done in /Users/anesu.tsiko/Documents/Learning/finance-api/project, returning: ()
[debug] deducing auto plugins based on known facts Set(Atom(sbt.plugins.CorePlugin)) and clauses Clauses(Clause(Atom(sbt.plugins.JvmPlugin),Set(Atom(sbt.plugins.IvyPlugin)))
[debug] Clause(Atom(sbt.ScriptedPlugin),Set(Atom(sbt.plugins.JvmPlugin)))
[debug] Clause(Atom(sbt.plugins.SbtPlugin),Set(Atom(sbt.ScriptedPlugin)))
[debug] Clause(Atom(sbt.plugins.SemanticdbPlugin),Set(Atom(sbt.plugins.JvmPlugin)))
[debug] Clause(Atom(sbt.plugins.JUnitXmlReportPlugin),Set(Atom(sbt.plugins.JvmPlugin)))
[debug] Clause(Atom(sbt.plugins.MiniDependencyTreePlugin),Set(Atom(sbt.plugins.JvmPlugin)))
[debug] Clause(Atom(sbt.plugins.CorePlugin),Set(Atom(sbt.plugins.IvyPlugin)))
[debug] Clause(Atom(sbt.plugins.IvyPlugin),Set(Atom(sbt.plugins.JvmPlugin)))
[debug] Clause(Atom(sbt.plugins.JvmPlugin),Set(Atom(sbt.plugins.SemanticdbPlugin)))
[debug] Clause(Atom(sbt.plugins.JvmPlugin),Set(Atom(sbt.plugins.JUnitXmlReportPlugin)))
[debug] Clause(Atom(sbt.plugins.CorePlugin),Set(Atom(sbt.plugins.Giter8TemplatePlugin)))
[debug] Clause(Atom(sbt.plugins.JvmPlugin),Set(Atom(sbt.plugins.MiniDependencyTreePlugin))))
[debug]   :: deduced result: Matched(sbt.plugins.CorePlugin,sbt.plugins.Giter8TemplatePlugin,sbt.plugins.IvyPlugin,sbt.plugins.JvmPlugin,sbt.plugins.MiniDependencyTreePlugin,sbt.plugins.JUnitXmlReportPlugin,sbt.plugins.SemanticdbPlugin)
[debug] Plugins.deducer#function took 20.449375 ms
[info] loading settings for project finance-api-build from plugins.sbt ...
[debug]               Load.resolveProject(finance-api-build) took 43.151625ms
[debug]             Load.loadTransitive: finalizeProject(Project(id finance-api-build, base: /Users/anesu.tsiko/Documents/Learning/finance-api/project, plugins: List(<none>))) took 87.2735ms
[debug] [Loading] Done in /Users/anesu.tsiko/Documents/Learning/finance-api/project, returning: (finance-api-build)
[debug]           Load.loadUnit: loadedProjectsRaw took 470.747166ms
[debug]           Load.loadUnit: cleanEvalClasses took 8.339917ms
[debug]         Load.loadUnit(file:/Users/anesu.tsiko/Documents/Learning/finance-api/project/, ...) took 586.958958ms
[debug]       Load.apply: load took 5943.998417ms
[debug]       Load.apply: resolveProjects took 2.982792ms
[debug]       Load.apply: finalTransforms took 89.379292ms
[debug]       Load.apply: config.delegates took 5.357167ms
[debug]       Load.apply: Def.make(settings)... took 1004.8425ms
[debug]       Load.apply: structureIndex took 197.277375ms
[debug]       Load.apply: mkStreams took 0.893583ms
[info] loading project definition from /Users/anesu.tsiko/Documents/Learning/finance-api/project
[debug] Running task... Cancel: Signal, check cycles: false, forcegc: true
[debug]     Load.loadUnit: plugins took 8524.130167ms
[debug]     Load.loadUnit: defsScala took 0.002208ms
[debug] [Loading] Scanning directory /Users/anesu.tsiko/Documents/Learning/finance-api
[debug]       Load.loadUnit: mkEval took 1.453542ms
[debug] [Loading] Found root project root w/ remaining 
[debug] deducing auto plugins based on known facts Set(Atom(sbt.plugins.CorePlugin)) and clauses Clauses(Clause(Atom(sbt.plugins.JvmPlugin),Set(Atom(sbt.plugins.IvyPlugin)))
[debug] Clause(Atom(sbt.ScriptedPlugin),Set(Atom(sbt.plugins.JvmPlugin)))
[debug] Clause(Atom(sbt.plugins.SbtPlugin),Set(Atom(sbt.ScriptedPlugin)))
[debug] Clause(Atom(sbt.plugins.SemanticdbPlugin),Set(Atom(sbt.plugins.JvmPlugin)))
[debug] Clause(Atom(sbt.plugins.JUnitXmlReportPlugin),Set(Atom(sbt.plugins.JvmPlugin)))
[debug] Clause(Atom(sbt.plugins.MiniDependencyTreePlugin),Set(Atom(sbt.plugins.JvmPlugin)))
[debug] Clause(Atom(sbtassembly.AssemblyPlugin),Set(Atom(sbt.plugins.JvmPlugin)))
[debug] Clause(Atom(sbt.plugins.CorePlugin),Set(Atom(sbt.plugins.IvyPlugin)))
[debug] Clause(Atom(sbt.plugins.IvyPlugin),Set(Atom(sbt.plugins.JvmPlugin)))
[debug] Clause(Atom(sbt.plugins.JvmPlugin),Set(Atom(sbt.plugins.SemanticdbPlugin)))
[debug] Clause(Atom(sbt.plugins.JvmPlugin),Set(Atom(sbt.plugins.JUnitXmlReportPlugin)))
[debug] Clause(Atom(sbt.plugins.CorePlugin),Set(Atom(sbt.plugins.Giter8TemplatePlugin)))
[debug] Clause(Atom(sbt.plugins.JvmPlugin),Set(Atom(sbt.plugins.MiniDependencyTreePlugin)))
[debug] Clause(Atom(sbt.plugins.JvmPlugin),Set(Atom(sbtassembly.AssemblyPlugin))))
[debug]   :: deduced result: Matched(sbt.plugins.CorePlugin,sbt.plugins.Giter8TemplatePlugin,sbt.plugins.IvyPlugin,sbt.plugins.JvmPlugin,sbtassembly.AssemblyPlugin,sbt.plugins.MiniDependencyTreePlugin,sbt.plugins.JUnitXmlReportPlugin,sbt.plugins.SemanticdbPlugin)
[debug] Plugins.deducer#function took 5.276125 ms
[info] loading settings for project root from build.sbt ...
[debug]         Load.resolveProject(root) took 31.732667ms
[debug]       Load.loadTransitive: finalizeProject(Project(id root, base: /Users/anesu.tsiko/Documents/Learning/finance-api, plugins: List(<none>))) took 39.248833ms
[debug] [Loading] Done in /Users/anesu.tsiko/Documents/Learning/finance-api, returning: (root)
[debug]     Load.loadUnit: loadedProjectsRaw took 5173.416875ms
[debug]     Load.loadUnit: cleanEvalClasses took 8.696209ms
[debug]   Load.loadUnit(file:/Users/anesu.tsiko/Documents/Learning/finance-api/, ...) took 13707.43725ms
[debug] Load.apply: load took 13729.949792ms
[debug] Load.apply: resolveProjects took 0.77625ms
[debug] Load.apply: finalTransforms took 29.13075ms
[debug] Load.apply: config.delegates took 1.475709ms
[debug] Load.apply: Def.make(settings)... took 360.568167ms
[debug] Load.apply: structureIndex took 52.999709ms
[debug] Load.apply: mkStreams took 0.001625ms
[info] set current project to finance-api (in build file:/Users/anesu.tsiko/Documents/Learning/finance-api/)
[debug] > Exec(sbtPopOnFailure, None, None)
[debug] > Exec(resumeFromFailure, None, None)
[debug] > Exec(notifyUsersAboutShell, None, None)
[debug] > Exec(iflast shell, None, None)
[debug] > Exec(shell, None, None)
[info] sbt server started at local:///Users/anesu.tsiko/.sbt/1.0/server/42dff6eba83bd174ff91/sock
[debug] Writing bsp connection file
[info] started sbt server
[info] shutting down sbt server
